<?xml version="1.0" encoding="UTF-8"?>
<!-- Generated by org.testng.reporters.JUnitReportReporter -->
<testsuite hostname="D-INE-3T6FBS2" failures="0" tests="7" name="org.RunnerClass.AccountSummaryRunnerClass" time="0.238" errors="0" timestamp="2023-07-26T13:05:04 IST" skipped="0">
  <testcase classname="org.RunnerClass.AccountSummaryRunnerClass" name="runScenario" time="0.011"/>
  <system-out/>
  <testcase classname="org.RunnerClass.AccountSummaryRunnerClass" name="runScenario" time="0.179"/>
  <system-out/>
  <testcase classname="org.RunnerClass.AccountSummaryRunnerClass" name="runScenario" time="0.011"/>
  <system-out/>
  <testcase classname="org.RunnerClass.AccountSummaryRunnerClass" name="runScenario" time="0.012"/>
  <system-out/>
  <testcase classname="org.RunnerClass.AccountSummaryRunnerClass" name="runScenario" time="0.007"/>
  <system-out/>
  <testcase classname="org.RunnerClass.AccountSummaryRunnerClass" name="runScenario" time="0.011"/>
  <system-out/>
  <testcase classname="org.RunnerClass.AccountSummaryRunnerClass" name="runScenario" time="0.007"/>
  <system-out/>
</testsuite> <!-- org.RunnerClass.AccountSummaryRunnerClass -->
